Copyright 1986-2017 Xilinx, Inc. All Rights Reserved.
-------------------------------------------------------------------------------------------------------------------------------
| Tool Version : Vivado v.2017.1 (lin64) Build 1846317 Fri Apr 14 18:54:47 MDT 2017
| Date         : Wed May 18 16:17:20 2022
| Host         : ubuntu running 64-bit Ubuntu 16.04.7 LTS
| Command      : report_utilization -file rocketchip_wrapper_utilization_synth.rpt -pb rocketchip_wrapper_utilization_synth.pb
| Design       : rocketchip_wrapper
| Device       : xczu9egffvb1156-2
| Design State : Synthesized
-------------------------------------------------------------------------------------------------------------------------------

Utilization Design Information

Table of Contents
-----------------
1. CLB Logic
1.1 Summary of Registers by Type
2. BLOCKRAM
3. ARITHMETIC
4. I/O
5. CLOCK
6. ADVANCED
7. CONFIGURATION
8. Primitives
9. Black Boxes
10. Instantiated Netlists

1. CLB Logic
------------

+----------------------------+-------+-------+-----------+-------+
|          Site Type         |  Used | Fixed | Available | Util% |
+----------------------------+-------+-------+-----------+-------+
| CLB LUTs*                  | 40229 |     0 |    274080 | 14.68 |
|   LUT as Logic             | 38867 |     0 |    274080 | 14.18 |
|   LUT as Memory            |  1362 |     0 |    144000 |  0.95 |
|     LUT as Distributed RAM |  1360 |     0 |           |       |
|     LUT as Shift Register  |     2 |     0 |           |       |
| CLB Registers              | 19933 |     0 |    548160 |  3.64 |
|   Register as Flip Flop    | 19933 |     0 |    548160 |  3.64 |
|   Register as Latch        |     0 |     0 |    548160 |  0.00 |
| CARRY8                     |   754 |     0 |     34260 |  2.20 |
| F7 Muxes                   |  1423 |     0 |    137040 |  1.04 |
| F8 Muxes                   |   162 |     0 |     68520 |  0.24 |
| F9 Muxes                   |     0 |     0 |     34260 |  0.00 |
+----------------------------+-------+-------+-----------+-------+
* Warning! The Final LUT count, after physical optimizations and full implementation, is typically lower. Run opt_design after synthesis, if not already completed, for a more realistic count.


1.1 Summary of Registers by Type
--------------------------------

+-------+--------------+-------------+--------------+
| Total | Clock Enable | Synchronous | Asynchronous |
+-------+--------------+-------------+--------------+
| 0     |            _ |           - |            - |
| 0     |            _ |           - |          Set |
| 0     |            _ |           - |        Reset |
| 0     |            _ |         Set |            - |
| 0     |            _ |       Reset |            - |
| 0     |          Yes |           - |            - |
| 0     |          Yes |           - |          Set |
| 4     |          Yes |           - |        Reset |
| 318   |          Yes |         Set |            - |
| 19611 |          Yes |       Reset |            - |
+-------+--------------+-------------+--------------+


2. BLOCKRAM
-----------

+-------------------+------+-------+-----------+-------+
|     Site Type     | Used | Fixed | Available | Util% |
+-------------------+------+-------+-----------+-------+
| Block RAM Tile    |   24 |     0 |       912 |  2.63 |
|   RAMB36/FIFO*    |    0 |     0 |       912 |  0.00 |
|   RAMB18          |   48 |     0 |      1824 |  2.63 |
|     RAMB18E2 only |   48 |       |           |       |
+-------------------+------+-------+-----------+-------+
* Note: Each Block RAM Tile only has one FIFO logic available and therefore can accommodate only one FIFO36E2 or one FIFO18E2. However, if a FIFO18E2 occupies a Block RAM Tile, that tile can still accommodate a RAMB18E2


3. ARITHMETIC
-------------

+----------------+------+-------+-----------+-------+
|    Site Type   | Used | Fixed | Available | Util% |
+----------------+------+-------+-----------+-------+
| DSPs           |   15 |     0 |      2520 |  0.60 |
|   DSP48E2 only |   15 |       |           |       |
+----------------+------+-------+-----------+-------+


4. I/O
------

+------------+------+-------+-----------+-------+
|  Site Type | Used | Fixed | Available | Util% |
+------------+------+-------+-----------+-------+
| Bonded IOB |    3 |     0 |       328 |  0.91 |
+------------+------+-------+-----------+-------+


5. CLOCK
--------

+----------------------+------+-------+-----------+-------+
|       Site Type      | Used | Fixed | Available | Util% |
+----------------------+------+-------+-----------+-------+
| GLOBAL CLOCK BUFFERs |    1 |     0 |       404 |  0.25 |
|   BUFGCE             |    1 |     0 |       116 |  0.86 |
|   BUFGCE_DIV         |    0 |     0 |        16 |  0.00 |
|   BUFG_GT            |    0 |     0 |       168 |  0.00 |
|   BUFG_PS            |    0 |     0 |        72 |  0.00 |
|   BUFGCTRL*          |    0 |     0 |        32 |  0.00 |
| PLL                  |    0 |     0 |         8 |  0.00 |
| MMCM                 |    1 |     0 |         4 | 25.00 |
+----------------------+------+-------+-----------+-------+
* Note: Each used BUFGCTRL counts as two global buffer resources. This table does not include global clocking resources, only buffer cell usage. See the Clock Utilization Report (report_clock_utilization) for detailed accounting of global clocking resource availability.


6. ADVANCED
-----------

+-----------------+------+-------+-----------+-------+
|    Site Type    | Used | Fixed | Available | Util% |
+-----------------+------+-------+-----------+-------+
| GTHE4_CHANNEL   |    0 |     0 |        24 |  0.00 |
| GTHE4_COMMON    |    0 |     0 |         6 |  0.00 |
| OBUFDS_GTE4     |    0 |     0 |        12 |  0.00 |
| OBUFDS_GTE4_ADV |    0 |     0 |        12 |  0.00 |
| PS8             |    0 |     0 |         1 |  0.00 |
| SYSMONE4        |    0 |     0 |         1 |  0.00 |
+-----------------+------+-------+-----------+-------+


7. CONFIGURATION
----------------

+-------------+------+-------+-----------+-------+
|  Site Type  | Used | Fixed | Available | Util% |
+-------------+------+-------+-----------+-------+
| BSCANE2     |    0 |     0 |         4 |  0.00 |
| DNA_PORTE2  |    0 |     0 |         1 |  0.00 |
| EFUSE_USR   |    0 |     0 |         1 |  0.00 |
| FRAME_ECCE4 |    0 |     0 |         1 |  0.00 |
| ICAPE3      |    0 |     0 |         2 |  0.00 |
| MASTER_JTAG |    0 |     0 |         1 |  0.00 |
| STARTUPE3   |    0 |     0 |         1 |  0.00 |
+-------------+------+-------+-----------+-------+


8. Primitives
-------------

+------------+-------+---------------------+
|  Ref Name  |  Used | Functional Category |
+------------+-------+---------------------+
| LUT6       | 22199 |                 CLB |
| FDRE       | 19611 |            Register |
| LUT5       |  6653 |                 CLB |
| LUT3       |  5129 |                 CLB |
| LUT4       |  4949 |                 CLB |
| LUT2       |  2500 |                 CLB |
| RAMD32     |  2316 |                 CLB |
| LUT1       |  1471 |                 CLB |
| MUXF7      |  1423 |                 CLB |
| CARRY8     |   754 |                 CLB |
| RAMS32     |   324 |                 CLB |
| FDSE       |   318 |            Register |
| MUXF8      |   162 |                 CLB |
| RAMB18E2   |    48 |           Block Ram |
| RAMD64E    |    16 |                 CLB |
| DSP48E2    |    15 |          Arithmetic |
| FDCE       |     4 |            Register |
| SRL16E     |     2 |                 CLB |
| OBUFT      |     1 |                 I/O |
| MMCME4_ADV |     1 |               Clock |
| IBUFCTRL   |     1 |              Others |
| DIFFINBUF  |     1 |                 I/O |
| BUFGCE     |     1 |               Clock |
+------------+-------+---------------------+


9. Black Boxes
--------------

+-------------------------------+------+
|            Ref Name           | Used |
+-------------------------------+------+
| system_processing_system7_0_0 |    1 |
| system_proc_sys_reset_0_0     |    1 |
+-------------------------------+------+


10. Instantiated Netlists
-------------------------

+----------+------+
| Ref Name | Used |
+----------+------+


